TN:
SF:/Users/alainchautard/code-repos/ng-weather/src/polyfills.ts
FNF:0
FNH:0
DA:44,1
DA:45,1
DA:56,1
LF:3
LH:3
BRF:0
BRH:0
end_of_record
TN:
SF:/Users/alainchautard/code-repos/ng-weather/src/test.ts
FN:20,(anonymous_0)
FNF:1
FNH:0
FNDA:0,(anonymous_0)
DA:3,1
DA:4,1
DA:5,1
DA:6,1
DA:7,1
DA:8,1
DA:9,1
DA:10,1
DA:20,1
DA:23,1
DA:28,1
DA:30,1
DA:32,1
LF:13
LH:13
BRF:0
BRH:0
end_of_record
TN:
SF:/Users/alainchautard/code-repos/ng-weather/src/app/location.service.ts
FN:7,(anonymous_2)
FN:11,LocationService
FN:19,(anonymous_4)
FN:25,(anonymous_5)
FN:34,(anonymous_6)
FNF:5
FNH:2
FNDA:1,(anonymous_2)
FNDA:1,LocationService
FNDA:0,(anonymous_4)
FNDA:0,(anonymous_5)
FNDA:0,(anonymous_6)
DA:1,1
DA:2,1
DA:4,1
DA:7,1
DA:9,1
DA:11,1
DA:12,1
DA:13,1
DA:14,0
DA:15,1
DA:16,0
DA:19,1
DA:20,0
DA:21,0
DA:22,0
DA:25,1
DA:26,0
DA:27,0
DA:28,0
DA:29,0
DA:30,0
DA:34,1
DA:35,0
DA:37,1
LF:24
LH:13
BRDA:13,0,0,0
BRDA:13,0,1,1
BRDA:27,1,0,0
BRDA:27,1,1,0
BRDA:11,2,0,1
BRDA:11,2,1,0
BRDA:11,3,0,1
BRF:7
BRH:3
end_of_record
TN:
SF:/Users/alainchautard/code-repos/ng-weather/src/app/weather.service.ts
FN:7,(anonymous_2)
FN:14,WeatherService
FN:16,(anonymous_4)
FN:19,(anonymous_5)
FN:22,(anonymous_6)
FN:29,(anonymous_7)
FN:33,(anonymous_8)
FN:39,(anonymous_9)
FNF:8
FNH:2
FNDA:1,(anonymous_2)
FNDA:1,WeatherService
FNDA:0,(anonymous_4)
FNDA:0,(anonymous_5)
FNDA:0,(anonymous_6)
FNDA:0,(anonymous_7)
FNDA:0,(anonymous_8)
FNDA:0,(anonymous_9)
DA:1,1
DA:3,1
DA:4,1
DA:7,1
DA:9,1
DA:10,1
DA:11,1
DA:12,1
DA:14,1
DA:16,1
DA:18,0
DA:19,0
DA:22,1
DA:23,0
DA:24,0
DA:25,0
DA:29,1
DA:30,0
DA:33,1
DA:35,0
DA:39,1
DA:40,0
DA:41,0
DA:42,0
DA:43,0
DA:44,0
DA:45,0
DA:46,0
DA:47,0
DA:48,0
DA:49,0
DA:50,0
DA:51,0
DA:53,0
DA:56,1
LF:35
LH:15
BRDA:24,0,0,0
BRDA:24,0,1,0
BRDA:40,1,0,0
BRDA:40,1,1,0
BRDA:40,2,0,0
BRDA:40,2,1,0
BRDA:42,3,0,0
BRDA:42,3,1,0
BRDA:42,4,0,0
BRDA:42,4,1,0
BRDA:44,5,0,0
BRDA:44,5,1,0
BRDA:44,6,0,0
BRDA:44,6,1,0
BRDA:44,6,2,0
BRDA:46,7,0,0
BRDA:46,7,1,0
BRDA:46,8,0,0
BRDA:46,8,1,0
BRDA:48,9,0,0
BRDA:48,9,1,0
BRDA:48,10,0,0
BRDA:48,10,1,0
BRDA:50,11,0,0
BRDA:50,11,1,0
BRDA:50,12,0,0
BRDA:50,12,1,0
BRDA:14,13,0,1
BRDA:14,13,1,0
BRDA:14,14,0,1
BRF:30
BRH:2
end_of_record
